# dc session log
generated_at: 2026-02-17T18:46:45.039Z
profile: dm-internal-systems
role: architect
directive: 
task: 
[2026-02-17T18:53:00Z] [CMD] /root/src/dm-internal-systems/.directive-cli/scripts/directives/bin/validatedirectives
Validation passed: 27 session(s)
[2026-02-17T18:53:00Z] [CMD_EXIT] 0
[2026-02-17T19:00:11Z] [CMD] /root/src/dm-internal-systems/.directive-cli/scripts/directives/bin/validatedirectives
Validation passed: 27 session(s)
[2026-02-17T19:00:11Z] [CMD_EXIT] 0
[2026-02-17T19:00:49Z] [CMD] /root/src/dm-internal-systems/.directive-cli/scripts/directives/bin/validatedirectives
Validation passed: 27 session(s)
[2026-02-17T19:00:49Z] [CMD_EXIT] 0
[2026-02-17T19:03:48Z] [CMD] /root/src/dm-internal-systems/.directive-cli/scripts/directives/bin/validatedirectives
Validation passed: 27 session(s)
[2026-02-17T19:03:48Z] [CMD_EXIT] 0
[2026-02-17T19:08:40Z] [CMD] /root/src/dm-internal-systems/.directive-cli/scripts/directives/bin/validatedirectives
Validation passed: 27 session(s)
[2026-02-17T19:08:40Z] [CMD_EXIT] 0
[2026-02-17T19:09:03Z] [CMD] /root/src/dm-internal-systems/.directive-cli/scripts/directives/bin/validatedirectives
Validation passed: 27 session(s)
[2026-02-17T19:09:03Z] [CMD_EXIT] 0
[2026-02-17T19:13:30Z] [CMD] /root/src/dm-internal-systems/.directive-cli/scripts/directives/bin/validatedirectives
Validation passed: 27 session(s)
[2026-02-17T19:13:30Z] [CMD_EXIT] 0
[2026-02-17T19:13:41Z] [CMD] /root/src/dm-internal-systems/.directive-cli/scripts/directives/bin/validatedirectives
Validation passed: 27 session(s)
[2026-02-17T19:13:42Z] [CMD_EXIT] 0
[2026-02-17T19:17:37Z] [CMD] /root/src/dm-internal-systems/.directive-cli/scripts/directives/bin/validatedirectives
Validation passed: 27 session(s)
[2026-02-17T19:17:37Z] [CMD_EXIT] 0
[2026-02-17T19:17:48Z] [CMD] /root/src/dm-internal-systems/.directive-cli/scripts/directives/bin/validatedirectives
Validation passed: 27 session(s)
[2026-02-17T19:17:48Z] [CMD_EXIT] 0
