# dc session log
generated_at: 2026-02-14T23:38:41.767Z
profile: dm-internal-systems
role: executor
directive: 26-02-14_update-and-style-nextjs-landing-page
task: implementation-spec-for-executor
[2026-02-14T23:39:55.747Z] [DIR] Task start: implementation-spec-for-executor.task.json
[2026-02-14T23:39:55.747Z] [GIT] Skipping clean-tree gate for commit_policy=end_of_directive (deferred commits expected)
[2026-02-14T23:40:01.020Z] [DIR] Directive start: 26-02-14_update-and-style-nextjs-landing-page
[2026-02-14T23:40:01.021Z] [DIR] Branch=feature/update-and-style-nextjs-landing-page Base=dev Policy=end_of_directive
[2026-02-14T23:40:01.023Z] [WARN] Detected 15 task allowlist intersection(s) in session.
[2026-02-14T23:40:01.023Z] [WARN] [unlinked] content-and-section-blueprint.task.json <-> context-and-baseline-audit.task.json | apps/web :: apps/web
[2026-02-14T23:40:01.023Z] [WARN] [unlinked] content-and-section-blueprint.task.json <-> design-contract-definition.task.json | apps/web :: apps/web
[2026-02-14T23:40:01.023Z] [WARN] [unlinked] content-and-section-blueprint.task.json <-> handoff-package.task.json | apps/web :: apps/web
[2026-02-14T23:40:01.023Z] [WARN] [unlinked] content-and-section-blueprint.task.json <-> implementation-spec-for-executor.task.json | apps/web :: apps/web
[2026-02-14T23:40:01.023Z] [WARN] [unlinked] content-and-section-blueprint.task.json <-> validation-contract.task.json | apps/web :: apps/web
[2026-02-14T23:40:01.023Z] [WARN] [unlinked] context-and-baseline-audit.task.json <-> design-contract-definition.task.json | apps/web :: apps/web
[2026-02-14T23:40:01.023Z] [WARN] [unlinked] context-and-baseline-audit.task.json <-> handoff-package.task.json | apps/web :: apps/web
[2026-02-14T23:40:01.023Z] [WARN] [unlinked] context-and-baseline-audit.task.json <-> implementation-spec-for-executor.task.json | apps/web :: apps/web
[2026-02-14T23:40:01.023Z] [WARN] [unlinked] context-and-baseline-audit.task.json <-> validation-contract.task.json | apps/web :: apps/web
[2026-02-14T23:40:01.023Z] [WARN] [unlinked] design-contract-definition.task.json <-> handoff-package.task.json | apps/web :: apps/web
[2026-02-14T23:40:01.024Z] [WARN] [unlinked] design-contract-definition.task.json <-> implementation-spec-for-executor.task.json | apps/web :: apps/web
[2026-02-14T23:40:01.024Z] [WARN] [unlinked] design-contract-definition.task.json <-> validation-contract.task.json | apps/web :: apps/web
[2026-02-14T23:40:01.024Z] [WARN] ... 3 additional intersection(s) not shown
[2026-02-14T23:40:01.024Z] [GIT] Checking clean working tree
[2026-02-14T23:40:01.032Z] [GIT] Switching branch to feature/update-and-style-nextjs-landing-page
[2026-02-14T23:40:01.043Z] [TEST] Running directive metadata validation
[2026-02-14T23:40:01.073Z] [DIR] Directive start complete
[2026-02-14T23:40:03.703Z] [DIR] Task start: implementation-spec-for-executor.task.json
[2026-02-14T23:40:03.703Z] [GIT] Skipping clean-tree gate for commit_policy=end_of_directive (deferred commits expected)
[2026-02-14T23:40:03.714Z] [TEST] Running task metadata validation
[2026-02-14T23:40:03.743Z] [DIR] Task start complete
[2026-02-14T23:42:47.645Z] [TEST] Running 1 validation command(s)
[2026-02-15T08:00:58.810Z] [TEST] Running 1 validation command(s)
[2026-02-15T08:00:58.832Z] [GIT] Commit deferred by policy: end_of_directive
[2026-02-15T08:00:58.832Z] [GIT] Pushing branch 'feature/update-and-style-nextjs-landing-page' to origin
[2026-02-15T08:01:00.276Z] [DIR] Task finish complete
